2024-01-23 18:02:08 - INFO  - *** Product URL: https://www.amazon.ca/Fruits-Passion-Cucina-Peach-Mandarin/dp/B0CPFS6W6W/ref=sr_1_1034?qid=1705741110&s=beauty&sr=1-1034 ***
2024-01-23 18:02:14 - INFO  - Downloaded image 5 to C:\Users\Hosseini\Desktop\Favoland Jeff\UiPath\HandSoap\image_ B0CPFS6W6W_5.jpg
2024-01-23 18:02:16 - INFO  - Downloaded image 6 to C:\Users\Hosseini\Desktop\Favoland Jeff\UiPath\HandSoap\image_ B0CPFS6W6W_6.jpg
2024-01-23 18:02:18 - INFO  - Downloaded image 7 to C:\Users\Hosseini\Desktop\Favoland Jeff\UiPath\HandSoap\image_ B0CPFS6W6W_7.jpg
2024-01-23 18:02:21 - INFO  - Downloaded image 8 to C:\Users\Hosseini\Desktop\Favoland Jeff\UiPath\HandSoap\image_ B0CPFS6W6W_8.jpg
2024-01-23 18:02:23 - INFO  - Downloaded image 9 to C:\Users\Hosseini\Desktop\Favoland Jeff\UiPath\HandSoap\image_ B0CPFS6W6W_9.jpg
2024-01-23 18:02:26 - INFO  - No More Images Available For This Product...
2024-01-23 18:02:26 - INFO  - No More Images Available For This Product...
2024-01-23 18:02:26 - INFO  - No More Images Available For This Product...
2024-01-23 18:02:26 - INFO  - Last successful product scraped: Fruits & Passion Cucina Peach and Mandarin Hand Soap, 200ml ASIN: B0CPFS6W6W
2024-01-23 18:21:02 - INFO  - *** Product URL: https://www.amazon.ca/Mrs-Meyers-Clean-Refill-Verbena/dp/B078JCBYX3/ref=sr_1_6?qid=1705740884&s=beauty&sr=1-6 ***
2024-01-23 18:21:09 - INFO  - Continue To Search For Product Images...
2024-01-23 18:21:09 - INFO  - Continue To Search For Product Images...
2024-01-23 18:21:09 - INFO  - Continue To Search For Product Images...
2024-01-23 18:21:12 - INFO  - Downloaded image 8 to C:\Users\Hosseini\Desktop\Favoland Jeff\UiPath\HandSoap\image_ B078JCBYX3_8.jpg
2024-01-23 18:21:15 - INFO  - Downloaded image 9 to C:\Users\Hosseini\Desktop\Favoland Jeff\UiPath\HandSoap\image_ B078JCBYX3_9.jpg
2024-01-23 18:21:17 - INFO  - Downloaded image 10 to C:\Users\Hosseini\Desktop\Favoland Jeff\UiPath\HandSoap\image_ B078JCBYX3_10.jpg
2024-01-23 18:21:20 - INFO  - Downloaded image 11 to C:\Users\Hosseini\Desktop\Favoland Jeff\UiPath\HandSoap\image_ B078JCBYX3_11.jpg
2024-01-23 18:21:22 - INFO  - Downloaded image 12 to C:\Users\Hosseini\Desktop\Favoland Jeff\UiPath\HandSoap\image_ B078JCBYX3_12.jpg
2024-01-23 18:21:22 - INFO  - *** Product URL: https://www.amazon.ca/J-R-Watkins-Foaming-Refill-Milliliters/dp/B076Q6J28S/ref=sr_1_7?qid=1705740884&s=beauty&sr=1-7 ***
2024-01-23 18:21:28 - INFO  - Continue To Search For Product Images...
2024-01-23 18:21:28 - INFO  - Continue To Search For Product Images...
2024-01-23 18:21:29 - INFO  - Continue To Search For Product Images...
2024-01-23 18:21:32 - INFO  - Downloaded image 8 to C:\Users\Hosseini\Desktop\Favoland Jeff\UiPath\HandSoap\image_ B076Q6J28S_8.jpg
2024-01-23 18:21:35 - INFO  - Downloaded image 9 to C:\Users\Hosseini\Desktop\Favoland Jeff\UiPath\HandSoap\image_ B076Q6J28S_9.jpg
2024-01-23 18:21:38 - INFO  - Downloaded image 10 to C:\Users\Hosseini\Desktop\Favoland Jeff\UiPath\HandSoap\image_ B076Q6J28S_10.jpg
2024-01-23 18:21:40 - INFO  - Downloaded image 11 to C:\Users\Hosseini\Desktop\Favoland Jeff\UiPath\HandSoap\image_ B076Q6J28S_11.jpg
2024-01-23 18:21:43 - INFO  - Downloaded image 12 to C:\Users\Hosseini\Desktop\Favoland Jeff\UiPath\HandSoap\image_ B076Q6J28S_12.jpg
2024-01-23 18:21:43 - INFO  - *** Product URL: https://www.amazon.ca/J-R-Watkins-BREEZE-1-Litre-Refill/dp/B07H4YDDYR/ref=sr_1_8?qid=1705740884&s=beauty&sr=1-8 ***
2024-01-23 18:21:48 - INFO  - Continue To Search For Product Images...
2024-01-23 18:21:48 - INFO  - Continue To Search For Product Images...
2024-01-23 18:21:48 - INFO  - Continue To Search For Product Images...
2024-01-23 18:21:51 - INFO  - Downloaded image 8 to C:\Users\Hosseini\Desktop\Favoland Jeff\UiPath\HandSoap\image_ B07H4YDDYR_8.jpg
2024-01-23 18:21:54 - INFO  - Downloaded image 9 to C:\Users\Hosseini\Desktop\Favoland Jeff\UiPath\HandSoap\image_ B07H4YDDYR_9.jpg
2024-01-23 18:21:56 - INFO  - Downloaded image 10 to C:\Users\Hosseini\Desktop\Favoland Jeff\UiPath\HandSoap\image_ B07H4YDDYR_10.jpg
2024-01-23 18:21:59 - INFO  - Downloaded image 11 to C:\Users\Hosseini\Desktop\Favoland Jeff\UiPath\HandSoap\image_ B07H4YDDYR_11.jpg
2024-01-23 18:22:01 - INFO  - Downloaded image 12 to C:\Users\Hosseini\Desktop\Favoland Jeff\UiPath\HandSoap\image_ B07H4YDDYR_12.jpg
2024-01-23 18:22:01 - INFO  - *** Product URL: https://www.amazon.ca/Dial-Complete-Antibacterial-Foaming-Refill/dp/B09PZFY8NJ/ref=sr_1_9?qid=1705740884&s=beauty&sr=1-9 ***
2024-01-23 18:22:08 - INFO  - Downloaded image 5 to C:\Users\Hosseini\Desktop\Favoland Jeff\UiPath\HandSoap\image_ B09PZFY8NJ_5.jpg
2024-01-23 18:22:08 - INFO  - No More Images Available For This Product...
2024-01-23 18:22:08 - INFO  - No More Images Available For This Product...
2024-01-23 18:22:08 - INFO  - No More Images Available For This Product...
2024-01-23 18:22:08 - INFO  - No More Images Available For This Product...
2024-01-23 18:22:08 - INFO  - No More Images Available For This Product...
2024-01-23 18:22:08 - INFO  - No More Images Available For This Product...
2024-01-23 18:22:08 - INFO  - No More Images Available For This Product...
2024-01-23 18:22:08 - INFO  - *** Product URL: https://www.amazon.ca/Softsoap-Liquid-Hand-Soap-Aloe/dp/B000VM2O5Q/ref=sr_1_10?qid=1705740884&s=beauty&sr=1-10 ***
2024-01-23 18:22:14 - INFO  - Continue To Search For Product Images...
2024-01-23 18:22:14 - INFO  - Continue To Search For Product Images...
2024-01-23 18:22:14 - INFO  - Continue To Search For Product Images...
2024-01-23 18:22:18 - INFO  - Downloaded image 8 to C:\Users\Hosseini\Desktop\Favoland Jeff\UiPath\HandSoap\image_ B000VM2O5Q_8.jpg
2024-01-23 18:22:21 - INFO  - Downloaded image 9 to C:\Users\Hosseini\Desktop\Favoland Jeff\UiPath\HandSoap\image_ B000VM2O5Q_9.jpg
2024-01-23 18:22:23 - INFO  - Downloaded image 10 to C:\Users\Hosseini\Desktop\Favoland Jeff\UiPath\HandSoap\image_ B000VM2O5Q_10.jpg
2024-01-23 18:22:26 - INFO  - Downloaded image 11 to C:\Users\Hosseini\Desktop\Favoland Jeff\UiPath\HandSoap\image_ B000VM2O5Q_11.jpg
2024-01-23 18:22:28 - INFO  - Downloaded image 12 to C:\Users\Hosseini\Desktop\Favoland Jeff\UiPath\HandSoap\image_ B000VM2O5Q_12.jpg
2024-01-23 18:22:28 - INFO  - *** Product URL: https://www.amazon.ca/J-R-Watkins-Foaming-Refill-milliliters/dp/B076QBF3LP/ref=sr_1_11?qid=1705740884&s=beauty&sr=1-11 ***
2024-01-23 18:22:34 - INFO  - Continue To Search For Product Images...
2024-01-23 18:22:34 - INFO  - Continue To Search For Product Images...
2024-01-23 18:22:34 - INFO  - Continue To Search For Product Images...
2024-01-23 18:22:37 - INFO  - Downloaded image 8 to C:\Users\Hosseini\Desktop\Favoland Jeff\UiPath\HandSoap\image_ B076QBF3LP_8.jpg
2024-01-23 18:22:39 - INFO  - Downloaded image 9 to C:\Users\Hosseini\Desktop\Favoland Jeff\UiPath\HandSoap\image_ B076QBF3LP_9.jpg
2024-01-23 18:22:41 - INFO  - Downloaded image 10 to C:\Users\Hosseini\Desktop\Favoland Jeff\UiPath\HandSoap\image_ B076QBF3LP_10.jpg
2024-01-23 18:22:44 - INFO  - Downloaded image 11 to C:\Users\Hosseini\Desktop\Favoland Jeff\UiPath\HandSoap\image_ B076QBF3LP_11.jpg
2024-01-23 18:22:47 - INFO  - Downloaded image 12 to C:\Users\Hosseini\Desktop\Favoland Jeff\UiPath\HandSoap\image_ B076QBF3LP_12.jpg
2024-01-23 18:22:47 - INFO  - *** Product URL: https://www.amazon.ca/Mrs-Meyers-Clean-Refill-Lavender/dp/B078JC3ZDH/ref=sr_1_12?qid=1705740884&s=beauty&sr=1-12 ***
2024-01-23 18:22:50 - INFO  - No More Images Available For This Product...
2024-01-23 18:22:50 - INFO  - No More Images Available For This Product...
2024-01-23 18:22:50 - INFO  - No More Images Available For This Product...
2024-01-23 18:22:50 - INFO  - No More Images Available For This Product...
2024-01-23 18:22:50 - INFO  - No More Images Available For This Product...
2024-01-23 18:22:50 - INFO  - No More Images Available For This Product...
2024-01-23 18:22:50 - INFO  - No More Images Available For This Product...
2024-01-23 18:22:50 - INFO  - No More Images Available For This Product...
2024-01-23 18:22:50 - INFO  - *** Product URL: https://www.amazon.ca/J-R-Watkins-Rosewater-Liquid-Refill/dp/B0B6Q21DNX/ref=sr_1_13?qid=1705740884&s=beauty&sr=1-13 ***
2024-01-23 18:22:54 - INFO  - No More Images Available For This Product...
2024-01-23 18:22:54 - INFO  - No More Images Available For This Product...
2024-01-23 18:22:54 - INFO  - No More Images Available For This Product...
2024-01-23 18:22:54 - INFO  - No More Images Available For This Product...
2024-01-23 18:22:54 - INFO  - No More Images Available For This Product...
2024-01-23 18:22:54 - INFO  - No More Images Available For This Product...
2024-01-23 18:22:54 - INFO  - No More Images Available For This Product...
2024-01-23 18:22:54 - INFO  - No More Images Available For This Product...
2024-01-23 18:22:54 - INFO  - *** Product URL: https://www.amazon.ca/Softsoap-Liquid-Hand-Soap-Honey/dp/B00008DPP8/ref=sr_1_14?qid=1705740884&s=beauty&sr=1-14 ***
2024-01-23 18:22:58 - INFO  - Continue To Search For Product Images...
2024-01-23 18:22:58 - INFO  - Continue To Search For Product Images...
2024-01-23 18:22:59 - INFO  - Continue To Search For Product Images...
2024-01-23 18:23:01 - INFO  - Downloaded image 8 to C:\Users\Hosseini\Desktop\Favoland Jeff\UiPath\HandSoap\image_ B00008DPP8_8.jpg
2024-01-23 18:23:04 - INFO  - Downloaded image 9 to C:\Users\Hosseini\Desktop\Favoland Jeff\UiPath\HandSoap\image_ B00008DPP8_9.jpg
2024-01-23 18:23:06 - INFO  - Downloaded image 10 to C:\Users\Hosseini\Desktop\Favoland Jeff\UiPath\HandSoap\image_ B00008DPP8_10.jpg
2024-01-23 18:23:09 - INFO  - Downloaded image 11 to C:\Users\Hosseini\Desktop\Favoland Jeff\UiPath\HandSoap\image_ B00008DPP8_11.jpg
2024-01-23 18:23:11 - INFO  - Downloaded image 12 to C:\Users\Hosseini\Desktop\Favoland Jeff\UiPath\HandSoap\image_ B00008DPP8_12.jpg
2024-01-23 18:23:11 - INFO  - *** Product URL: https://www.amazon.ca/Dial-Spring-Hydrating-Refill-2632004/dp/B08PMSV4BK/ref=sr_1_15?qid=1705740884&s=beauty&sr=1-15 ***
2024-01-23 18:23:16 - INFO  - Continue To Search For Product Images...
2024-01-23 18:23:16 - INFO  - Continue To Search For Product Images...
2024-01-23 18:23:16 - INFO  - Continue To Search For Product Images...
2024-01-23 18:23:19 - INFO  - Downloaded image 8 to C:\Users\Hosseini\Desktop\Favoland Jeff\UiPath\HandSoap\image_ B08PMSV4BK_8.jpg
2024-01-23 18:23:21 - INFO  - Downloaded image 9 to C:\Users\Hosseini\Desktop\Favoland Jeff\UiPath\HandSoap\image_ B08PMSV4BK_9.jpg
2024-01-23 18:23:24 - INFO  - Downloaded image 10 to C:\Users\Hosseini\Desktop\Favoland Jeff\UiPath\HandSoap\image_ B08PMSV4BK_10.jpg
2024-01-23 18:23:26 - INFO  - Downloaded image 11 to C:\Users\Hosseini\Desktop\Favoland Jeff\UiPath\HandSoap\image_ B08PMSV4BK_11.jpg
2024-01-23 18:23:29 - INFO  - Downloaded image 12 to C:\Users\Hosseini\Desktop\Favoland Jeff\UiPath\HandSoap\image_ B08PMSV4BK_12.jpg
2024-01-23 18:23:29 - INFO  - *** Product URL: https://www.amazon.ca/ATTITUDE-Verified-Mineral-Based-Ingredients-Cruelty-free/dp/B082XF8Y6J/ref=sr_1_16?qid=1705740884&s=beauty&sr=1-16 ***
2024-01-23 18:23:34 - INFO  - Continue To Search For Product Images...
2024-01-23 18:23:34 - INFO  - Continue To Search For Product Images...
2024-01-23 18:23:34 - INFO  - Continue To Search For Product Images...
2024-01-23 18:23:37 - INFO  - Downloaded image 8 to C:\Users\Hosseini\Desktop\Favoland Jeff\UiPath\HandSoap\image_ B082XF8Y6J_8.jpg
2024-01-23 18:23:40 - INFO  - Downloaded image 9 to C:\Users\Hosseini\Desktop\Favoland Jeff\UiPath\HandSoap\image_ B082XF8Y6J_9.jpg
2024-01-23 18:23:42 - INFO  - Downloaded image 10 to C:\Users\Hosseini\Desktop\Favoland Jeff\UiPath\HandSoap\image_ B082XF8Y6J_10.jpg
2024-01-23 18:23:45 - INFO  - Downloaded image 11 to C:\Users\Hosseini\Desktop\Favoland Jeff\UiPath\HandSoap\image_ B082XF8Y6J_11.jpg
2024-01-23 18:23:48 - INFO  - Downloaded image 12 to C:\Users\Hosseini\Desktop\Favoland Jeff\UiPath\HandSoap\image_ B082XF8Y6J_12.jpg
2024-01-23 18:23:48 - INFO  - *** Product URL: https://www.amazon.ca/Softsoap-Foaming-Hand-Tangerine-Treat/dp/B081ZNQ2SS/ref=sr_1_17?qid=1705740884&s=beauty&sr=1-17 ***
2024-01-23 18:23:52 - INFO  - Continue To Search For Product Images...
2024-01-23 18:23:52 - INFO  - Continue To Search For Product Images...
2024-01-23 18:23:53 - INFO  - Continue To Search For Product Images...
2024-01-23 18:23:55 - INFO  - Downloaded image 8 to C:\Users\Hosseini\Desktop\Favoland Jeff\UiPath\HandSoap\image_ B081ZNQ2SS_8.jpg
2024-01-23 18:23:58 - INFO  - Downloaded image 9 to C:\Users\Hosseini\Desktop\Favoland Jeff\UiPath\HandSoap\image_ B081ZNQ2SS_9.jpg
2024-01-23 18:24:01 - INFO  - Downloaded image 10 to C:\Users\Hosseini\Desktop\Favoland Jeff\UiPath\HandSoap\image_ B081ZNQ2SS_10.jpg
2024-01-23 18:24:01 - INFO  - No More Images Available For This Product...
2024-01-23 18:24:01 - INFO  - No More Images Available For This Product...
2024-01-23 18:24:01 - INFO  - *** Product URL: https://www.amazon.ca/Mrs-Meyers-Clean-Basil-scent/dp/B01N5MHAOD/ref=sr_1_18?qid=1705740884&s=beauty&sr=1-18 ***
2024-01-23 18:24:09 - INFO  - Downloaded image 5 to C:\Users\Hosseini\Desktop\Favoland Jeff\UiPath\HandSoap\image_ B01N5MHAOD_5.jpg
2024-01-23 18:24:11 - INFO  - Downloaded image 6 to C:\Users\Hosseini\Desktop\Favoland Jeff\UiPath\HandSoap\image_ B01N5MHAOD_6.jpg
2024-01-23 18:24:14 - INFO  - Downloaded image 7 to C:\Users\Hosseini\Desktop\Favoland Jeff\UiPath\HandSoap\image_ B01N5MHAOD_7.jpg
2024-01-23 18:24:17 - INFO  - Downloaded image 8 to C:\Users\Hosseini\Desktop\Favoland Jeff\UiPath\HandSoap\image_ B01N5MHAOD_8.jpg
2024-01-23 18:24:19 - INFO  - Downloaded image 9 to C:\Users\Hosseini\Desktop\Favoland Jeff\UiPath\HandSoap\image_ B01N5MHAOD_9.jpg
2024-01-23 18:24:22 - INFO  - Downloaded image 10 to C:\Users\Hosseini\Desktop\Favoland Jeff\UiPath\HandSoap\image_ B01N5MHAOD_10.jpg
2024-01-23 18:24:25 - INFO  - Downloaded image 11 to C:\Users\Hosseini\Desktop\Favoland Jeff\UiPath\HandSoap\image_ B01N5MHAOD_11.jpg
2024-01-23 18:24:25 - INFO  - No More Images Available For This Product...
2024-01-23 18:24:25 - INFO  - *** Product URL: https://www.amazon.ca/ATTITUDE-Sensitive-Hypoallergenic-Fragrance-Fluid/dp/B07NF9XFJM/ref=sr_1_19?qid=1705740884&s=beauty&sr=1-19 ***
2024-01-23 18:24:33 - INFO  - Downloaded image 5 to C:\Users\Hosseini\Desktop\Favoland Jeff\UiPath\HandSoap\image_ B07NF9XFJM_5.jpg
2024-01-23 18:24:36 - INFO  - Downloaded image 6 to C:\Users\Hosseini\Desktop\Favoland Jeff\UiPath\HandSoap\image_ B07NF9XFJM_6.jpg
2024-01-23 18:24:38 - INFO  - Downloaded image 7 to C:\Users\Hosseini\Desktop\Favoland Jeff\UiPath\HandSoap\image_ B07NF9XFJM_7.jpg
2024-01-23 18:24:41 - INFO  - Downloaded image 8 to C:\Users\Hosseini\Desktop\Favoland Jeff\UiPath\HandSoap\image_ B07NF9XFJM_8.jpg
2024-01-23 18:24:43 - INFO  - Downloaded image 9 to C:\Users\Hosseini\Desktop\Favoland Jeff\UiPath\HandSoap\image_ B07NF9XFJM_9.jpg
2024-01-23 18:24:46 - INFO  - Downloaded image 10 to C:\Users\Hosseini\Desktop\Favoland Jeff\UiPath\HandSoap\image_ B07NF9XFJM_10.jpg
2024-01-23 18:24:49 - INFO  - Downloaded image 11 to C:\Users\Hosseini\Desktop\Favoland Jeff\UiPath\HandSoap\image_ B07NF9XFJM_11.jpg
2024-01-23 18:24:49 - INFO  - No More Images Available For This Product...
2024-01-23 18:24:49 - INFO  - *** Product URL: https://www.amazon.ca/Dove-Relaxing-Beauty-Lavender-count/dp/B0861XDBF9/ref=sr_1_20?qid=1705740884&s=beauty&sr=1-20 ***
2024-01-23 18:24:55 - INFO  - Continue To Search For Product Images...
2024-01-23 18:24:55 - INFO  - Continue To Search For Product Images...
2024-01-23 18:24:55 - INFO  - Continue To Search For Product Images...
2024-01-23 18:24:58 - INFO  - Downloaded image 8 to C:\Users\Hosseini\Desktop\Favoland Jeff\UiPath\HandSoap\image_ B0861XDBF9_8.jpg
2024-01-23 18:25:00 - INFO  - Downloaded image 9 to C:\Users\Hosseini\Desktop\Favoland Jeff\UiPath\HandSoap\image_ B0861XDBF9_9.jpg
2024-01-23 18:25:03 - INFO  - Downloaded image 10 to C:\Users\Hosseini\Desktop\Favoland Jeff\UiPath\HandSoap\image_ B0861XDBF9_10.jpg
2024-01-23 18:25:06 - INFO  - Downloaded image 11 to C:\Users\Hosseini\Desktop\Favoland Jeff\UiPath\HandSoap\image_ B0861XDBF9_11.jpg
2024-01-23 18:25:08 - INFO  - Downloaded image 12 to C:\Users\Hosseini\Desktop\Favoland Jeff\UiPath\HandSoap\image_ B0861XDBF9_12.jpg
2024-01-23 18:25:08 - INFO  - *** Product URL: https://www.amazon.ca/ATTITUDE-Hypoallergenic-Natural-Foaming-Blueberry/dp/B07VGGQJQS/ref=sr_1_25?qid=1705740884&s=beauty&sr=1-25 ***
2024-01-23 18:25:15 - INFO  - Downloaded image 5 to C:\Users\Hosseini\Desktop\Favoland Jeff\UiPath\HandSoap\image_ B07VGGQJQS_5.jpg
2024-01-23 18:25:18 - INFO  - Downloaded image 6 to C:\Users\Hosseini\Desktop\Favoland Jeff\UiPath\HandSoap\image_ B07VGGQJQS_6.jpg
2024-01-23 18:25:21 - INFO  - Downloaded image 7 to C:\Users\Hosseini\Desktop\Favoland Jeff\UiPath\HandSoap\image_ B07VGGQJQS_7.jpg
2024-01-23 18:25:21 - INFO  - No More Images Available For This Product...
2024-01-23 18:25:21 - INFO  - No More Images Available For This Product...
2024-01-23 18:25:21 - INFO  - No More Images Available For This Product...
2024-01-23 18:25:21 - INFO  - No More Images Available For This Product...
2024-01-23 18:25:21 - INFO  - Continue To Search For Product Images...
2024-01-23 18:25:21 - INFO  - *** Product URL: https://www.amazon.ca/Meyers-Liquid-Cruelty-Biodegradable-Essential/dp/B09GXGWZZ1/ref=sr_1_26?qid=1705740884&s=beauty&sr=1-26 ***
2024-01-23 18:25:26 - INFO  - Continue To Search For Product Images...
2024-01-23 18:25:26 - INFO  - Continue To Search For Product Images...
2024-01-23 18:25:26 - INFO  - Continue To Search For Product Images...
2024-01-23 18:25:29 - INFO  - Downloaded image 8 to C:\Users\Hosseini\Desktop\Favoland Jeff\UiPath\HandSoap\image_ B09GXGWZZ1_8.jpg
2024-01-23 18:25:31 - INFO  - Downloaded image 9 to C:\Users\Hosseini\Desktop\Favoland Jeff\UiPath\HandSoap\image_ B09GXGWZZ1_9.jpg
2024-01-23 18:25:34 - INFO  - Downloaded image 10 to C:\Users\Hosseini\Desktop\Favoland Jeff\UiPath\HandSoap\image_ B09GXGWZZ1_10.jpg
2024-01-23 18:25:37 - INFO  - Downloaded image 11 to C:\Users\Hosseini\Desktop\Favoland Jeff\UiPath\HandSoap\image_ B09GXGWZZ1_11.jpg
2024-01-23 18:25:39 - INFO  - Downloaded image 12 to C:\Users\Hosseini\Desktop\Favoland Jeff\UiPath\HandSoap\image_ B09GXGWZZ1_12.jpg
2024-01-23 18:25:39 - INFO  - *** Product URL: https://www.amazon.ca/Meyers-Liquid-Cruelty-Biodegradable-Essential/dp/B08RZ831P6/ref=sr_1_27?qid=1705740884&s=beauty&sr=1-27 ***
2024-01-23 18:25:45 - INFO  - Continue To Search For Product Images...
2024-01-23 18:25:45 - INFO  - Continue To Search For Product Images...
2024-01-23 18:25:45 - INFO  - Continue To Search For Product Images...
2024-01-23 18:25:48 - INFO  - Downloaded image 8 to C:\Users\Hosseini\Desktop\Favoland Jeff\UiPath\HandSoap\image_ B08RZ831P6_8.jpg
2024-01-23 18:25:51 - INFO  - Downloaded image 9 to C:\Users\Hosseini\Desktop\Favoland Jeff\UiPath\HandSoap\image_ B08RZ831P6_9.jpg
2024-01-23 18:25:53 - INFO  - Downloaded image 10 to C:\Users\Hosseini\Desktop\Favoland Jeff\UiPath\HandSoap\image_ B08RZ831P6_10.jpg
2024-01-23 18:25:55 - INFO  - Downloaded image 11 to C:\Users\Hosseini\Desktop\Favoland Jeff\UiPath\HandSoap\image_ B08RZ831P6_11.jpg
2024-01-23 18:25:58 - INFO  - Downloaded image 12 to C:\Users\Hosseini\Desktop\Favoland Jeff\UiPath\HandSoap\image_ B08RZ831P6_12.jpg
2024-01-23 18:25:58 - INFO  - *** Product URL: https://www.amazon.ca/ATTITUDE-Verified-Mineral-Based-Ingredients-Cruelty-free/dp/B07MZ9XGNH/ref=sr_1_28?qid=1705740884&s=beauty&sr=1-28 ***
2024-01-23 18:26:04 - INFO  - Continue To Search For Product Images...
2024-01-23 18:26:04 - INFO  - Continue To Search For Product Images...
2024-01-23 18:26:04 - INFO  - Continue To Search For Product Images...
2024-01-23 18:26:07 - INFO  - Downloaded image 8 to C:\Users\Hosseini\Desktop\Favoland Jeff\UiPath\HandSoap\image_ B07MZ9XGNH_8.jpg
2024-01-23 18:26:10 - INFO  - Downloaded image 9 to C:\Users\Hosseini\Desktop\Favoland Jeff\UiPath\HandSoap\image_ B07MZ9XGNH_9.jpg
2024-01-23 18:26:12 - INFO  - Downloaded image 10 to C:\Users\Hosseini\Desktop\Favoland Jeff\UiPath\HandSoap\image_ B07MZ9XGNH_10.jpg
2024-01-23 18:26:15 - INFO  - Downloaded image 11 to C:\Users\Hosseini\Desktop\Favoland Jeff\UiPath\HandSoap\image_ B07MZ9XGNH_11.jpg
2024-01-23 18:26:17 - INFO  - Downloaded image 12 to C:\Users\Hosseini\Desktop\Favoland Jeff\UiPath\HandSoap\image_ B07MZ9XGNH_12.jpg
2024-01-23 18:26:17 - INFO  - *** Product URL: https://www.amazon.ca/Seventh-Generation-Lavendar-Flower-354ml/dp/B00JETTA6I/ref=sr_1_29?qid=1705740884&s=beauty&sr=1-29 ***
2024-01-23 18:26:22 - INFO  - Continue To Search For Product Images...
2024-01-23 18:26:22 - INFO  - Continue To Search For Product Images...
2024-01-23 18:26:22 - INFO  - Continue To Search For Product Images...
2024-01-23 18:26:25 - INFO  - Downloaded image 8 to C:\Users\Hosseini\Desktop\Favoland Jeff\UiPath\HandSoap\image_ B00JETTA6I_8.jpg
2024-01-23 18:26:28 - INFO  - Downloaded image 9 to C:\Users\Hosseini\Desktop\Favoland Jeff\UiPath\HandSoap\image_ B00JETTA6I_9.jpg
2024-01-23 18:26:30 - INFO  - Downloaded image 10 to C:\Users\Hosseini\Desktop\Favoland Jeff\UiPath\HandSoap\image_ B00JETTA6I_10.jpg
2024-01-23 18:26:33 - INFO  - Downloaded image 11 to C:\Users\Hosseini\Desktop\Favoland Jeff\UiPath\HandSoap\image_ B00JETTA6I_11.jpg
2024-01-23 18:26:35 - INFO  - Downloaded image 12 to C:\Users\Hosseini\Desktop\Favoland Jeff\UiPath\HandSoap\image_ B00JETTA6I_12.jpg
2024-01-23 18:26:35 - INFO  - *** Product URL: https://www.amazon.ca/ATTITUDE-Verified-Mineral-Based-Ingredients-Cruelty-free/dp/B082XFP9C6/ref=sr_1_30?qid=1705740884&s=beauty&sr=1-30 ***
2024-01-23 18:26:40 - INFO  - Continue To Search For Product Images...
2024-01-23 18:26:41 - INFO  - Continue To Search For Product Images...
2024-01-23 18:26:41 - INFO  - Continue To Search For Product Images...
2024-01-23 18:26:44 - INFO  - Downloaded image 8 to C:\Users\Hosseini\Desktop\Favoland Jeff\UiPath\HandSoap\image_ B082XFP9C6_8.jpg
2024-01-23 18:26:46 - INFO  - Downloaded image 9 to C:\Users\Hosseini\Desktop\Favoland Jeff\UiPath\HandSoap\image_ B082XFP9C6_9.jpg
2024-01-23 18:26:49 - INFO  - Downloaded image 10 to C:\Users\Hosseini\Desktop\Favoland Jeff\UiPath\HandSoap\image_ B082XFP9C6_10.jpg
2024-01-23 18:26:51 - INFO  - Downloaded image 11 to C:\Users\Hosseini\Desktop\Favoland Jeff\UiPath\HandSoap\image_ B082XFP9C6_11.jpg
2024-01-23 18:26:54 - INFO  - Downloaded image 12 to C:\Users\Hosseini\Desktop\Favoland Jeff\UiPath\HandSoap\image_ B082XFP9C6_12.jpg
2024-01-23 18:26:54 - INFO  - *** Product URL: https://www.amazon.ca/Dial-Complete-Antibacterial-Foaming-Plastic/dp/B09PZDHRD6/ref=sr_1_32?qid=1705740884&s=beauty&sr=1-32 ***
2024-01-23 18:26:57 - INFO  - No More Images Available For This Product...
2024-01-23 18:26:57 - INFO  - No More Images Available For This Product...
2024-01-23 18:26:57 - INFO  - No More Images Available For This Product...
2024-01-23 18:26:57 - INFO  - No More Images Available For This Product...
2024-01-23 18:26:57 - INFO  - No More Images Available For This Product...
2024-01-23 18:26:57 - INFO  - No More Images Available For This Product...
2024-01-23 18:26:57 - INFO  - No More Images Available For This Product...
2024-01-23 18:26:57 - INFO  - No More Images Available For This Product...
2024-01-23 18:26:57 - INFO  - *** Product URL: https://www.amazon.ca/Dove-Moisture-Softer-Cleanser-Effectively/dp/B08YWL5MB5/ref=sr_1_33?qid=1705740884&s=beauty&sr=1-33 ***
2024-01-23 18:27:01 - INFO  - Continue To Search For Product Images...
2024-01-23 18:27:01 - INFO  - Continue To Search For Product Images...
2024-01-23 18:27:01 - INFO  - Continue To Search For Product Images...
2024-01-23 18:27:04 - INFO  - Downloaded image 8 to C:\Users\Hosseini\Desktop\Favoland Jeff\UiPath\HandSoap\image_ B08YWL5MB5_8.jpg
2024-01-23 18:27:07 - INFO  - Downloaded image 9 to C:\Users\Hosseini\Desktop\Favoland Jeff\UiPath\HandSoap\image_ B08YWL5MB5_9.jpg
2024-01-23 18:27:10 - INFO  - Downloaded image 10 to C:\Users\Hosseini\Desktop\Favoland Jeff\UiPath\HandSoap\image_ B08YWL5MB5_10.jpg
2024-01-23 18:27:12 - INFO  - Downloaded image 11 to C:\Users\Hosseini\Desktop\Favoland Jeff\UiPath\HandSoap\image_ B08YWL5MB5_11.jpg
2024-01-23 18:27:15 - INFO  - Downloaded image 12 to C:\Users\Hosseini\Desktop\Favoland Jeff\UiPath\HandSoap\image_ B08YWL5MB5_12.jpg
2024-01-23 18:27:15 - INFO  - *** Product URL: https://www.amazon.ca/NATURE-CLEAN-Liquid-Hand-Soap/dp/B0165XIU0W/ref=sr_1_34?qid=1705740884&s=beauty&sr=1-34 ***
2024-01-23 18:27:20 - INFO  - Continue To Search For Product Images...
2024-01-23 18:27:21 - INFO  - Continue To Search For Product Images...
2024-01-23 18:27:21 - INFO  - Continue To Search For Product Images...
2024-01-23 18:27:23 - INFO  - Downloaded image 8 to C:\Users\Hosseini\Desktop\Favoland Jeff\UiPath\HandSoap\image_ B0165XIU0W_8.jpg
2024-01-23 18:27:28 - INFO  - No More Images Available For This Product...
2024-01-23 18:27:28 - INFO  - No More Images Available For This Product...
2024-01-23 18:27:32 - INFO  - No More Images Available For This Product...
2024-01-23 18:27:32 - INFO  - No More Images Available For This Product...
2024-01-23 18:27:32 - INFO  - *** Product URL: https://www.amazon.ca/ATTITUDE-Verified-Mineral-Based-Cruelty-free-Hypoallergenic/dp/B01MAW3H6M/ref=sr_1_35?qid=1705740884&s=beauty&sr=1-35 ***
2024-01-23 18:27:38 - INFO  - Continue To Search For Product Images...
2024-01-23 18:27:38 - INFO  - Continue To Search For Product Images...
2024-01-23 18:27:38 - INFO  - Continue To Search For Product Images...
2024-01-23 18:27:41 - INFO  - Downloaded image 8 to C:\Users\Hosseini\Desktop\Favoland Jeff\UiPath\HandSoap\image_ B01MAW3H6M_8.jpg
2024-01-23 18:27:43 - INFO  - Downloaded image 9 to C:\Users\Hosseini\Desktop\Favoland Jeff\UiPath\HandSoap\image_ B01MAW3H6M_9.jpg
2024-01-23 18:27:46 - INFO  - Downloaded image 10 to C:\Users\Hosseini\Desktop\Favoland Jeff\UiPath\HandSoap\image_ B01MAW3H6M_10.jpg
2024-01-23 18:27:48 - INFO  - Downloaded image 11 to C:\Users\Hosseini\Desktop\Favoland Jeff\UiPath\HandSoap\image_ B01MAW3H6M_11.jpg
2024-01-23 18:27:51 - INFO  - Downloaded image 12 to C:\Users\Hosseini\Desktop\Favoland Jeff\UiPath\HandSoap\image_ B01MAW3H6M_12.jpg
2024-01-23 18:27:51 - INFO  - *** Product URL: https://www.amazon.ca/Allenburys-Original-Soap-Pack-Count/dp/B0768QHPPP/ref=sr_1_36?qid=1705740884&s=beauty&sr=1-36 ***
2024-01-23 18:27:55 - INFO  - No More Images Available For This Product...
2024-01-23 18:27:55 - INFO  - No More Images Available For This Product...
2024-01-23 18:27:55 - INFO  - No More Images Available For This Product...
2024-01-23 18:27:55 - INFO  - No More Images Available For This Product...
2024-01-23 18:27:55 - INFO  - No More Images Available For This Product...
2024-01-23 18:27:55 - INFO  - No More Images Available For This Product...
2024-01-23 18:27:55 - INFO  - No More Images Available For This Product...
2024-01-23 18:27:55 - INFO  - No More Images Available For This Product...
2024-01-23 18:27:55 - INFO  - *** Product URL: https://www.amazon.ca/Live-Clean-Fresh-Hydrating-Liquid/dp/B09487MBY5/ref=sr_1_37?qid=1705740884&s=beauty&sr=1-37 ***
2024-01-23 18:28:01 - INFO  - No More Images Available For This Product...
2024-01-23 18:28:01 - INFO  - No More Images Available For This Product...
2024-01-23 18:28:01 - INFO  - No More Images Available For This Product...
2024-01-23 18:28:01 - INFO  - No More Images Available For This Product...
2024-01-23 18:28:01 - INFO  - No More Images Available For This Product...
2024-01-23 18:28:01 - INFO  - No More Images Available For This Product...
2024-01-23 18:28:01 - INFO  - No More Images Available For This Product...
2024-01-23 18:28:01 - INFO  - No More Images Available For This Product...
2024-01-23 18:28:01 - INFO  - *** Product URL: https://www.amazon.ca/Softsoap-Deeply-Moisturizing-vanilla-Coconut/dp/B08KK9Q3KL/ref=sr_1_38?qid=1705740884&s=beauty&sr=1-38 ***
2024-01-23 18:28:07 - INFO  - No More Images Available For This Product...
2024-01-23 18:28:07 - INFO  - No More Images Available For This Product...
2024-01-23 18:28:07 - INFO  - No More Images Available For This Product...
2024-01-23 18:28:07 - INFO  - No More Images Available For This Product...
2024-01-23 18:28:07 - INFO  - No More Images Available For This Product...
2024-01-23 18:28:07 - INFO  - No More Images Available For This Product...
2024-01-23 18:28:07 - INFO  - No More Images Available For This Product...
2024-01-23 18:28:07 - INFO  - No More Images Available For This Product...
2024-01-23 18:28:07 - INFO  - *** Product URL: https://www.amazon.ca/Method-Biodegradable-Dispenser-Recycled-Waterfall/dp/B08KK954F4/ref=sr_1_39?qid=1705740884&s=beauty&sr=1-39 ***
2024-01-23 18:28:13 - INFO  - No More Images Available For This Product...
2024-01-23 18:28:13 - INFO  - No More Images Available For This Product...
2024-01-23 18:28:13 - INFO  - No More Images Available For This Product...
2024-01-23 18:28:13 - INFO  - No More Images Available For This Product...
2024-01-23 18:28:13 - INFO  - No More Images Available For This Product...
2024-01-23 18:28:13 - INFO  - No More Images Available For This Product...
2024-01-23 18:28:13 - INFO  - No More Images Available For This Product...
2024-01-23 18:28:13 - INFO  - No More Images Available For This Product...
2024-01-23 18:28:13 - INFO  - *** Product URL: https://www.amazon.ca/ATTITUDE-Mineral-Based-Ingredients-Cruelty-free-Personal/dp/B0B4ZCVDSQ/ref=sr_1_40?qid=1705740884&s=beauty&sr=1-40 ***
2024-01-23 18:28:18 - INFO  - No More Images Available For This Product...
2024-01-23 18:28:19 - INFO  - No More Images Available For This Product...
2024-01-23 18:28:19 - INFO  - No More Images Available For This Product...
2024-01-23 18:28:19 - INFO  - No More Images Available For This Product...
2024-01-23 18:28:19 - INFO  - No More Images Available For This Product...
2024-01-23 18:28:19 - INFO  - No More Images Available For This Product...
2024-01-23 18:28:19 - INFO  - No More Images Available For This Product...
2024-01-23 18:28:19 - INFO  - No More Images Available For This Product...
2024-01-23 18:28:19 - INFO  - *** Product URL: https://www.amazon.ca/Cucina-Hand-Soap-Fruits-Passion/dp/B09RYL8QMV/ref=sr_1_41?qid=1705740884&s=beauty&sr=1-41 ***
2024-01-23 18:28:25 - INFO  - No More Images Available For This Product...
2024-01-23 18:28:25 - INFO  - No More Images Available For This Product...
2024-01-23 18:28:26 - INFO  - No More Images Available For This Product...
2024-01-23 18:28:26 - INFO  - No More Images Available For This Product...
2024-01-23 18:28:26 - INFO  - No More Images Available For This Product...
2024-01-23 18:28:26 - INFO  - No More Images Available For This Product...
2024-01-23 18:28:26 - INFO  - No More Images Available For This Product...
2024-01-23 18:28:26 - INFO  - No More Images Available For This Product...
2024-01-23 18:28:26 - INFO  - *** Product URL: https://www.amazon.ca/Mrs-Meyers-Clean-Lemon-Verbena/dp/B01N0Y2T2V/ref=sr_1_42?qid=1705740884&s=beauty&sr=1-42 ***
2024-01-23 18:28:32 - INFO  - No More Images Available For This Product...
2024-01-23 18:28:32 - INFO  - No More Images Available For This Product...
2024-01-23 18:28:32 - INFO  - No More Images Available For This Product...
2024-01-23 18:28:32 - INFO  - No More Images Available For This Product...
2024-01-23 18:28:32 - INFO  - No More Images Available For This Product...
2024-01-23 18:28:32 - INFO  - No More Images Available For This Product...
2024-01-23 18:28:32 - INFO  - No More Images Available For This Product...
2024-01-23 18:28:32 - INFO  - No More Images Available For This Product...
2024-01-23 18:28:32 - INFO  - *** Product URL: https://www.amazon.ca/simplehuman-Lavender-Moisturizing-Liquid-Refill/dp/B019O33LYU/ref=sr_1_43?qid=1705740884&s=beauty&sr=1-43 ***
2024-01-23 18:28:36 - INFO  - *** Product URL: https://www.amazon.ca/J-R-Watkins-Bathroom-Kitchen-Milliliters/dp/B0075E3WOK/ref=sr_1_44?qid=1705740884&s=beauty&sr=1-44 ***
2024-01-23 18:28:41 - INFO  - No More Images Available For This Product...
2024-01-23 18:28:41 - INFO  - No More Images Available For This Product...
2024-01-23 18:28:41 - INFO  - No More Images Available For This Product...
2024-01-23 18:28:41 - INFO  - No More Images Available For This Product...
2024-01-23 18:28:41 - INFO  - No More Images Available For This Product...
2024-01-23 18:28:42 - INFO  - No More Images Available For This Product...
2024-01-23 18:28:42 - INFO  - No More Images Available For This Product...
2024-01-23 18:28:42 - INFO  - No More Images Available For This Product...
2024-01-23 18:28:42 - INFO  - *** Product URL: https://www.amazon.ca/Method-Foaming-Biodegradable-Formula-Reloads/dp/B09NS3CTTX/ref=sr_1_45?qid=1705740884&s=beauty&sr=1-45 ***
2024-01-23 18:28:49 - INFO  - No More Images Available For This Product...
2024-01-23 18:28:49 - INFO  - No More Images Available For This Product...
2024-01-23 18:28:49 - INFO  - No More Images Available For This Product...
2024-01-23 18:28:49 - INFO  - No More Images Available For This Product...
2024-01-23 18:28:49 - INFO  - No More Images Available For This Product...
2024-01-23 18:28:49 - INFO  - No More Images Available For This Product...
2024-01-23 18:28:49 - INFO  - No More Images Available For This Product...
2024-01-23 18:28:49 - INFO  - No More Images Available For This Product...
2024-01-23 18:28:49 - INFO  - *** Product URL: https://www.amazon.ca/Fruits-Passions-Cucina-Refill-Cypress/dp/B001HBMNHO/ref=sr_1_46?qid=1705740884&s=beauty&sr=1-46 ***
