2024-01-25 17:36:56 - INFO  - 1 B078JCBYX3 *** Product URL: https://www.amazon.ca/Mrs-Meyers-Clean-Refill-Verbena/dp/B078JCBYX3/ref=sr_1_6?qid=1705740884&s=beauty&sr=1-6
2024-01-25 17:36:56 - INFO  - Continue To Search For Product Images...
2024-01-25 17:36:56 - INFO  - Continue To Search For Product Images...
2024-01-25 17:36:56 - INFO  - Continue To Search For Product Images...
2024-01-25 17:36:59 - INFO  - Downloaded image 8 to C:\Users\Hosseini\Desktop\Favoland Jeff\UiPath\HandSoap\HandSoap.1.Images\image_ B078JCBYX3_0.jpg
2024-01-25 17:37:02 - INFO  - Downloaded image 9 to C:\Users\Hosseini\Desktop\Favoland Jeff\UiPath\HandSoap\HandSoap.1.Images\image_ B078JCBYX3_1.jpg
2024-01-25 17:37:04 - INFO  - Downloaded image 10 to C:\Users\Hosseini\Desktop\Favoland Jeff\UiPath\HandSoap\HandSoap.1.Images\image_ B078JCBYX3_2.jpg
2024-01-25 17:37:07 - INFO  - Downloaded image 11 to C:\Users\Hosseini\Desktop\Favoland Jeff\UiPath\HandSoap\HandSoap.1.Images\image_ B078JCBYX3_3.jpg
2024-01-25 17:37:09 - INFO  - Downloaded image 12 to C:\Users\Hosseini\Desktop\Favoland Jeff\UiPath\HandSoap\HandSoap.1.Images\image_ B078JCBYX3_4.jpg
2024-01-25 17:37:14 - INFO  - 1 B076Q6J28S *** Product URL: https://www.amazon.ca/J-R-Watkins-Foaming-Refill-Milliliters/dp/B076Q6J28S/ref=sr_1_7?qid=1705740884&s=beauty&sr=1-7
2024-01-25 17:37:14 - INFO  - Continue To Search For Product Images...
2024-01-25 17:37:14 - INFO  - Continue To Search For Product Images...
2024-01-25 17:37:14 - INFO  - Continue To Search For Product Images...
2024-01-25 17:37:17 - INFO  - Downloaded image 8 to C:\Users\Hosseini\Desktop\Favoland Jeff\UiPath\HandSoap\HandSoap.1.Images\image_ B076Q6J28S_0.jpg
2024-01-25 17:37:19 - INFO  - Downloaded image 9 to C:\Users\Hosseini\Desktop\Favoland Jeff\UiPath\HandSoap\HandSoap.1.Images\image_ B076Q6J28S_1.jpg
2024-01-25 17:37:22 - INFO  - Downloaded image 10 to C:\Users\Hosseini\Desktop\Favoland Jeff\UiPath\HandSoap\HandSoap.1.Images\image_ B076Q6J28S_2.jpg
2024-01-25 17:37:25 - INFO  - Downloaded image 11 to C:\Users\Hosseini\Desktop\Favoland Jeff\UiPath\HandSoap\HandSoap.1.Images\image_ B076Q6J28S_3.jpg
2024-01-25 17:37:27 - INFO  - Downloaded image 12 to C:\Users\Hosseini\Desktop\Favoland Jeff\UiPath\HandSoap\HandSoap.1.Images\image_ B076Q6J28S_4.jpg
2024-01-25 17:37:32 - INFO  - 1 B07H4YDDYR *** Product URL: https://www.amazon.ca/J-R-Watkins-BREEZE-1-Litre-Refill/dp/B07H4YDDYR/ref=sr_1_8?qid=1705740884&s=beauty&sr=1-8
2024-01-25 17:37:32 - INFO  - Continue To Search For Product Images...
2024-01-25 17:37:32 - INFO  - Continue To Search For Product Images...
2024-01-25 17:37:32 - INFO  - Continue To Search For Product Images...
2024-01-25 17:37:35 - INFO  - Downloaded image 8 to C:\Users\Hosseini\Desktop\Favoland Jeff\UiPath\HandSoap\HandSoap.1.Images\image_ B07H4YDDYR_0.jpg
2024-01-25 17:37:37 - INFO  - Downloaded image 9 to C:\Users\Hosseini\Desktop\Favoland Jeff\UiPath\HandSoap\HandSoap.1.Images\image_ B07H4YDDYR_1.jpg
2024-01-25 17:37:39 - INFO  - Downloaded image 10 to C:\Users\Hosseini\Desktop\Favoland Jeff\UiPath\HandSoap\HandSoap.1.Images\image_ B07H4YDDYR_2.jpg
2024-01-25 17:37:42 - INFO  - Downloaded image 11 to C:\Users\Hosseini\Desktop\Favoland Jeff\UiPath\HandSoap\HandSoap.1.Images\image_ B07H4YDDYR_3.jpg
2024-01-25 17:37:44 - INFO  - Downloaded image 12 to C:\Users\Hosseini\Desktop\Favoland Jeff\UiPath\HandSoap\HandSoap.1.Images\image_ B07H4YDDYR_4.jpg
2024-01-25 17:37:48 - INFO  - There is no PRICE for this product...
2024-01-25 17:37:48 - INFO  - 1 B09PZFY8NJ *** Product URL: https://www.amazon.ca/Dial-Complete-Antibacterial-Foaming-Refill/dp/B09PZFY8NJ/ref=sr_1_9?qid=1705740884&s=beauty&sr=1-9
2024-01-25 17:37:51 - INFO  - No More Images Available For This Product...
2024-01-25 17:37:51 - INFO  - No More Images Available For This Product...
2024-01-25 17:37:51 - INFO  - No More Images Available For This Product...
2024-01-25 17:37:51 - INFO  - No More Images Available For This Product...
2024-01-25 17:37:51 - INFO  - No More Images Available For This Product...
2024-01-25 17:37:51 - INFO  - No More Images Available For This Product...
2024-01-25 17:37:51 - INFO  - No More Images Available For This Product...
2024-01-25 17:37:51 - INFO  - No More Images Available For This Product...
2024-01-25 17:37:56 - INFO  - 1 B000VM2O5Q *** Product URL: https://www.amazon.ca/Softsoap-Liquid-Hand-Soap-Aloe/dp/B000VM2O5Q/ref=sr_1_10?qid=1705740884&s=beauty&sr=1-10
2024-01-25 17:37:56 - INFO  - Continue To Search For Product Images...
2024-01-25 17:37:56 - INFO  - Continue To Search For Product Images...
2024-01-25 17:37:56 - INFO  - Continue To Search For Product Images...
2024-01-25 17:37:59 - INFO  - Downloaded image 8 to C:\Users\Hosseini\Desktop\Favoland Jeff\UiPath\HandSoap\HandSoap.1.Images\image_ B000VM2O5Q_0.jpg
2024-01-25 17:38:01 - INFO  - Downloaded image 9 to C:\Users\Hosseini\Desktop\Favoland Jeff\UiPath\HandSoap\HandSoap.1.Images\image_ B000VM2O5Q_1.jpg
2024-01-25 17:38:03 - INFO  - Downloaded image 10 to C:\Users\Hosseini\Desktop\Favoland Jeff\UiPath\HandSoap\HandSoap.1.Images\image_ B000VM2O5Q_2.jpg
2024-01-25 17:38:06 - INFO  - Downloaded image 11 to C:\Users\Hosseini\Desktop\Favoland Jeff\UiPath\HandSoap\HandSoap.1.Images\image_ B000VM2O5Q_3.jpg
2024-01-25 17:38:08 - INFO  - Downloaded image 12 to C:\Users\Hosseini\Desktop\Favoland Jeff\UiPath\HandSoap\HandSoap.1.Images\image_ B000VM2O5Q_4.jpg
2024-01-25 17:38:13 - INFO  - 1 B076QBF3LP *** Product URL: https://www.amazon.ca/J-R-Watkins-Foaming-Refill-milliliters/dp/B076QBF3LP/ref=sr_1_11?qid=1705740884&s=beauty&sr=1-11
2024-01-25 17:38:13 - INFO  - Continue To Search For Product Images...
2024-01-25 17:38:13 - INFO  - Continue To Search For Product Images...
2024-01-25 17:38:13 - INFO  - Continue To Search For Product Images...
2024-01-25 17:38:16 - INFO  - Downloaded image 8 to C:\Users\Hosseini\Desktop\Favoland Jeff\UiPath\HandSoap\HandSoap.1.Images\image_ B076QBF3LP_0.jpg
2024-01-25 17:38:19 - INFO  - Downloaded image 9 to C:\Users\Hosseini\Desktop\Favoland Jeff\UiPath\HandSoap\HandSoap.1.Images\image_ B076QBF3LP_1.jpg
2024-01-25 17:38:21 - INFO  - Downloaded image 10 to C:\Users\Hosseini\Desktop\Favoland Jeff\UiPath\HandSoap\HandSoap.1.Images\image_ B076QBF3LP_2.jpg
2024-01-25 17:38:24 - INFO  - Downloaded image 11 to C:\Users\Hosseini\Desktop\Favoland Jeff\UiPath\HandSoap\HandSoap.1.Images\image_ B076QBF3LP_3.jpg
2024-01-25 17:38:26 - INFO  - Downloaded image 12 to C:\Users\Hosseini\Desktop\Favoland Jeff\UiPath\HandSoap\HandSoap.1.Images\image_ B076QBF3LP_4.jpg
2024-01-25 17:38:31 - INFO  - 1 B078JC3ZDH *** Product URL: https://www.amazon.ca/Mrs-Meyers-Clean-Refill-Lavender/dp/B078JC3ZDH/ref=sr_1_12?qid=1705740884&s=beauty&sr=1-12
2024-01-25 17:38:34 - INFO  - Downloaded image 5 to C:\Users\Hosseini\Desktop\Favoland Jeff\UiPath\HandSoap\HandSoap.1.Images\image_ B078JC3ZDH_0.jpg
2024-01-25 17:38:36 - INFO  - Downloaded image 6 to C:\Users\Hosseini\Desktop\Favoland Jeff\UiPath\HandSoap\HandSoap.1.Images\image_ B078JC3ZDH_1.jpg
2024-01-25 17:38:39 - INFO  - Downloaded image 7 to C:\Users\Hosseini\Desktop\Favoland Jeff\UiPath\HandSoap\HandSoap.1.Images\image_ B078JC3ZDH_2.jpg
2024-01-25 17:38:41 - INFO  - Downloaded image 8 to C:\Users\Hosseini\Desktop\Favoland Jeff\UiPath\HandSoap\HandSoap.1.Images\image_ B078JC3ZDH_3.jpg
2024-01-25 17:38:44 - INFO  - Downloaded image 9 to C:\Users\Hosseini\Desktop\Favoland Jeff\UiPath\HandSoap\HandSoap.1.Images\image_ B078JC3ZDH_4.jpg
2024-01-25 17:38:46 - INFO  - Downloaded image 10 to C:\Users\Hosseini\Desktop\Favoland Jeff\UiPath\HandSoap\HandSoap.1.Images\image_ B078JC3ZDH_5.jpg
2024-01-25 17:38:48 - INFO  - No More Images Available For This Product...
2024-01-25 17:38:49 - INFO  - No More Images Available For This Product...
2024-01-25 17:38:53 - INFO  - 1 B0B6Q21DNX *** Product URL: https://www.amazon.ca/J-R-Watkins-Rosewater-Liquid-Refill/dp/B0B6Q21DNX/ref=sr_1_13?qid=1705740884&s=beauty&sr=1-13
2024-01-25 17:38:53 - INFO  - Continue To Search For Product Images...
2024-01-25 17:38:53 - INFO  - Continue To Search For Product Images...
2024-01-25 17:38:53 - INFO  - Continue To Search For Product Images...
2024-01-25 17:38:56 - INFO  - Downloaded image 8 to C:\Users\Hosseini\Desktop\Favoland Jeff\UiPath\HandSoap\HandSoap.1.Images\image_ B0B6Q21DNX_0.jpg
2024-01-25 17:38:58 - INFO  - Downloaded image 9 to C:\Users\Hosseini\Desktop\Favoland Jeff\UiPath\HandSoap\HandSoap.1.Images\image_ B0B6Q21DNX_1.jpg
2024-01-25 17:38:58 - INFO  - No More Images Available For This Product...
2024-01-25 17:38:58 - INFO  - No More Images Available For This Product...
2024-01-25 17:39:02 - INFO  - No More Images Available For This Product...
2024-01-25 17:39:08 - INFO  - 1 B00008DPP8 *** Product URL: https://www.amazon.ca/Softsoap-Liquid-Hand-Soap-Honey/dp/B00008DPP8/ref=sr_1_14?qid=1705740884&s=beauty&sr=1-14
2024-01-25 17:39:08 - INFO  - Continue To Search For Product Images...
2024-01-25 17:39:08 - INFO  - Continue To Search For Product Images...
2024-01-25 17:39:08 - INFO  - Continue To Search For Product Images...
2024-01-25 17:39:11 - INFO  - Downloaded image 8 to C:\Users\Hosseini\Desktop\Favoland Jeff\UiPath\HandSoap\HandSoap.1.Images\image_ B00008DPP8_0.jpg
2024-01-25 17:39:13 - INFO  - Downloaded image 9 to C:\Users\Hosseini\Desktop\Favoland Jeff\UiPath\HandSoap\HandSoap.1.Images\image_ B00008DPP8_1.jpg
2024-01-25 17:39:15 - INFO  - Downloaded image 10 to C:\Users\Hosseini\Desktop\Favoland Jeff\UiPath\HandSoap\HandSoap.1.Images\image_ B00008DPP8_2.jpg
2024-01-25 17:39:18 - INFO  - Downloaded image 11 to C:\Users\Hosseini\Desktop\Favoland Jeff\UiPath\HandSoap\HandSoap.1.Images\image_ B00008DPP8_3.jpg
2024-01-25 17:39:20 - INFO  - Downloaded image 12 to C:\Users\Hosseini\Desktop\Favoland Jeff\UiPath\HandSoap\HandSoap.1.Images\image_ B00008DPP8_4.jpg
2024-01-25 17:39:25 - INFO  - 1 B08PMSV4BK *** Product URL: https://www.amazon.ca/Dial-Spring-Hydrating-Refill-2632004/dp/B08PMSV4BK/ref=sr_1_15?qid=1705740884&s=beauty&sr=1-15
2024-01-25 17:39:26 - INFO  - Continue To Search For Product Images...
2024-01-25 17:39:26 - INFO  - Continue To Search For Product Images...
2024-01-25 17:39:26 - INFO  - Continue To Search For Product Images...
2024-01-25 17:39:28 - INFO  - Downloaded image 8 to C:\Users\Hosseini\Desktop\Favoland Jeff\UiPath\HandSoap\HandSoap.1.Images\image_ B08PMSV4BK_0.jpg
2024-01-25 17:39:31 - INFO  - Downloaded image 9 to C:\Users\Hosseini\Desktop\Favoland Jeff\UiPath\HandSoap\HandSoap.1.Images\image_ B08PMSV4BK_1.jpg
2024-01-25 17:39:33 - INFO  - Downloaded image 10 to C:\Users\Hosseini\Desktop\Favoland Jeff\UiPath\HandSoap\HandSoap.1.Images\image_ B08PMSV4BK_2.jpg
2024-01-25 17:39:36 - INFO  - Downloaded image 11 to C:\Users\Hosseini\Desktop\Favoland Jeff\UiPath\HandSoap\HandSoap.1.Images\image_ B08PMSV4BK_3.jpg
2024-01-25 17:39:38 - INFO  - Downloaded image 12 to C:\Users\Hosseini\Desktop\Favoland Jeff\UiPath\HandSoap\HandSoap.1.Images\image_ B08PMSV4BK_4.jpg
2024-01-25 17:39:45 - INFO  - 1 B082XF8Y6J *** Product URL: https://www.amazon.ca/ATTITUDE-Verified-Mineral-Based-Ingredients-Cruelty-free/dp/B082XF8Y6J/ref=sr_1_16?qid=1705740884&s=beauty&sr=1-16
2024-01-25 17:39:45 - INFO  - Continue To Search For Product Images...
2024-01-25 17:39:45 - INFO  - Continue To Search For Product Images...
2024-01-25 17:39:45 - INFO  - Continue To Search For Product Images...
2024-01-25 17:39:47 - INFO  - Downloaded image 8 to C:\Users\Hosseini\Desktop\Favoland Jeff\UiPath\HandSoap\HandSoap.1.Images\image_ B082XF8Y6J_0.jpg
2024-01-25 17:39:49 - INFO  - Downloaded image 9 to C:\Users\Hosseini\Desktop\Favoland Jeff\UiPath\HandSoap\HandSoap.1.Images\image_ B082XF8Y6J_1.jpg
2024-01-25 17:39:52 - INFO  - Downloaded image 10 to C:\Users\Hosseini\Desktop\Favoland Jeff\UiPath\HandSoap\HandSoap.1.Images\image_ B082XF8Y6J_2.jpg
2024-01-25 17:39:54 - INFO  - Downloaded image 11 to C:\Users\Hosseini\Desktop\Favoland Jeff\UiPath\HandSoap\HandSoap.1.Images\image_ B082XF8Y6J_3.jpg
2024-01-25 17:39:57 - INFO  - Downloaded image 12 to C:\Users\Hosseini\Desktop\Favoland Jeff\UiPath\HandSoap\HandSoap.1.Images\image_ B082XF8Y6J_4.jpg
2024-01-25 17:40:01 - INFO  - 1 B081ZNQ2SS *** Product URL: https://www.amazon.ca/Softsoap-Foaming-Hand-Tangerine-Treat/dp/B081ZNQ2SS/ref=sr_1_17?qid=1705740884&s=beauty&sr=1-17
2024-01-25 17:40:01 - INFO  - Continue To Search For Product Images...
2024-01-25 17:40:01 - INFO  - Continue To Search For Product Images...
2024-01-25 17:40:01 - INFO  - Continue To Search For Product Images...
2024-01-25 17:40:04 - INFO  - Downloaded image 8 to C:\Users\Hosseini\Desktop\Favoland Jeff\UiPath\HandSoap\HandSoap.1.Images\image_ B081ZNQ2SS_0.jpg
2024-01-25 17:40:06 - INFO  - Downloaded image 9 to C:\Users\Hosseini\Desktop\Favoland Jeff\UiPath\HandSoap\HandSoap.1.Images\image_ B081ZNQ2SS_1.jpg
2024-01-25 17:40:08 - INFO  - Downloaded image 10 to C:\Users\Hosseini\Desktop\Favoland Jeff\UiPath\HandSoap\HandSoap.1.Images\image_ B081ZNQ2SS_2.jpg
2024-01-25 17:40:08 - INFO  - No More Images Available For This Product...
2024-01-25 17:40:08 - INFO  - No More Images Available For This Product...
2024-01-25 17:40:13 - INFO  - 1 B01N5MHAOD *** Product URL: https://www.amazon.ca/Mrs-Meyers-Clean-Basil-scent/dp/B01N5MHAOD/ref=sr_1_18?qid=1705740884&s=beauty&sr=1-18
2024-01-25 17:40:16 - INFO  - Downloaded image 5 to C:\Users\Hosseini\Desktop\Favoland Jeff\UiPath\HandSoap\HandSoap.1.Images\image_ B01N5MHAOD_0.jpg
2024-01-25 17:40:18 - INFO  - Downloaded image 6 to C:\Users\Hosseini\Desktop\Favoland Jeff\UiPath\HandSoap\HandSoap.1.Images\image_ B01N5MHAOD_1.jpg
2024-01-25 17:40:21 - INFO  - Downloaded image 7 to C:\Users\Hosseini\Desktop\Favoland Jeff\UiPath\HandSoap\HandSoap.1.Images\image_ B01N5MHAOD_2.jpg
2024-01-25 17:40:23 - INFO  - Downloaded image 8 to C:\Users\Hosseini\Desktop\Favoland Jeff\UiPath\HandSoap\HandSoap.1.Images\image_ B01N5MHAOD_3.jpg
2024-01-25 17:40:26 - INFO  - Downloaded image 9 to C:\Users\Hosseini\Desktop\Favoland Jeff\UiPath\HandSoap\HandSoap.1.Images\image_ B01N5MHAOD_4.jpg
2024-01-25 17:40:28 - INFO  - Downloaded image 10 to C:\Users\Hosseini\Desktop\Favoland Jeff\UiPath\HandSoap\HandSoap.1.Images\image_ B01N5MHAOD_5.jpg
2024-01-25 17:40:31 - INFO  - No More Images Available For This Product...
2024-01-25 17:40:31 - INFO  - No More Images Available For This Product...
2024-01-25 17:40:36 - INFO  - 1 B07NF9XFJM *** Product URL: https://www.amazon.ca/ATTITUDE-Sensitive-Hypoallergenic-Fragrance-Fluid/dp/B07NF9XFJM/ref=sr_1_19?qid=1705740884&s=beauty&sr=1-19
2024-01-25 17:40:38 - INFO  - Downloaded image 5 to C:\Users\Hosseini\Desktop\Favoland Jeff\UiPath\HandSoap\HandSoap.1.Images\image_ B07NF9XFJM_0.jpg
2024-01-25 17:40:40 - INFO  - Downloaded image 6 to C:\Users\Hosseini\Desktop\Favoland Jeff\UiPath\HandSoap\HandSoap.1.Images\image_ B07NF9XFJM_1.jpg
2024-01-25 17:40:43 - INFO  - Downloaded image 7 to C:\Users\Hosseini\Desktop\Favoland Jeff\UiPath\HandSoap\HandSoap.1.Images\image_ B07NF9XFJM_2.jpg
2024-01-25 17:40:45 - INFO  - Downloaded image 8 to C:\Users\Hosseini\Desktop\Favoland Jeff\UiPath\HandSoap\HandSoap.1.Images\image_ B07NF9XFJM_3.jpg
2024-01-25 17:40:48 - INFO  - Downloaded image 9 to C:\Users\Hosseini\Desktop\Favoland Jeff\UiPath\HandSoap\HandSoap.1.Images\image_ B07NF9XFJM_4.jpg
2024-01-25 17:40:50 - INFO  - Downloaded image 10 to C:\Users\Hosseini\Desktop\Favoland Jeff\UiPath\HandSoap\HandSoap.1.Images\image_ B07NF9XFJM_5.jpg
2024-01-25 17:40:53 - INFO  - No More Images Available For This Product...
2024-01-25 17:40:53 - INFO  - No More Images Available For This Product...
2024-01-25 17:40:58 - INFO  - 1 B0861XDBF9 *** Product URL: https://www.amazon.ca/Dove-Relaxing-Beauty-Lavender-count/dp/B0861XDBF9/ref=sr_1_20?qid=1705740884&s=beauty&sr=1-20
2024-01-25 17:40:58 - INFO  - Continue To Search For Product Images...
2024-01-25 17:40:58 - INFO  - Continue To Search For Product Images...
2024-01-25 17:40:58 - INFO  - Continue To Search For Product Images...
2024-01-25 17:41:00 - INFO  - Downloaded image 8 to C:\Users\Hosseini\Desktop\Favoland Jeff\UiPath\HandSoap\HandSoap.1.Images\image_ B0861XDBF9_0.jpg
2024-01-25 17:41:03 - INFO  - Downloaded image 9 to C:\Users\Hosseini\Desktop\Favoland Jeff\UiPath\HandSoap\HandSoap.1.Images\image_ B0861XDBF9_1.jpg
2024-01-25 17:41:05 - INFO  - Downloaded image 10 to C:\Users\Hosseini\Desktop\Favoland Jeff\UiPath\HandSoap\HandSoap.1.Images\image_ B0861XDBF9_2.jpg
2024-01-25 17:41:07 - INFO  - Downloaded image 11 to C:\Users\Hosseini\Desktop\Favoland Jeff\UiPath\HandSoap\HandSoap.1.Images\image_ B0861XDBF9_3.jpg
2024-01-25 17:41:10 - INFO  - Downloaded image 12 to C:\Users\Hosseini\Desktop\Favoland Jeff\UiPath\HandSoap\HandSoap.1.Images\image_ B0861XDBF9_4.jpg
2024-01-25 17:41:15 - INFO  - 1 B07VGGQJQS *** Product URL: https://www.amazon.ca/ATTITUDE-Hypoallergenic-Natural-Foaming-Blueberry/dp/B07VGGQJQS/ref=sr_1_25?qid=1705740884&s=beauty&sr=1-25
2024-01-25 17:41:17 - INFO  - Downloaded image 5 to C:\Users\Hosseini\Desktop\Favoland Jeff\UiPath\HandSoap\HandSoap.1.Images\image_ B07VGGQJQS_0.jpg
2024-01-25 17:41:20 - INFO  - Downloaded image 6 to C:\Users\Hosseini\Desktop\Favoland Jeff\UiPath\HandSoap\HandSoap.1.Images\image_ B07VGGQJQS_1.jpg
2024-01-25 17:41:22 - INFO  - No More Images Available For This Product...
2024-01-25 17:41:22 - INFO  - No More Images Available For This Product...
2024-01-25 17:41:22 - INFO  - No More Images Available For This Product...
2024-01-25 17:41:22 - INFO  - No More Images Available For This Product...
2024-01-25 17:41:22 - INFO  - No More Images Available For This Product...
2024-01-25 17:41:22 - INFO  - Continue To Search For Product Images...
2024-01-25 17:41:27 - INFO  - 1 B09GXGWZZ1 *** Product URL: https://www.amazon.ca/Meyers-Liquid-Cruelty-Biodegradable-Essential/dp/B09GXGWZZ1/ref=sr_1_26?qid=1705740884&s=beauty&sr=1-26
2024-01-25 17:41:27 - INFO  - Continue To Search For Product Images...
2024-01-25 17:41:27 - INFO  - Continue To Search For Product Images...
2024-01-25 17:41:28 - INFO  - Continue To Search For Product Images...
2024-01-25 17:41:30 - INFO  - Downloaded image 8 to C:\Users\Hosseini\Desktop\Favoland Jeff\UiPath\HandSoap\HandSoap.1.Images\image_ B09GXGWZZ1_0.jpg
2024-01-25 17:41:33 - INFO  - Downloaded image 9 to C:\Users\Hosseini\Desktop\Favoland Jeff\UiPath\HandSoap\HandSoap.1.Images\image_ B09GXGWZZ1_1.jpg
2024-01-25 17:41:35 - INFO  - Downloaded image 10 to C:\Users\Hosseini\Desktop\Favoland Jeff\UiPath\HandSoap\HandSoap.1.Images\image_ B09GXGWZZ1_2.jpg
2024-01-25 17:41:38 - INFO  - Downloaded image 11 to C:\Users\Hosseini\Desktop\Favoland Jeff\UiPath\HandSoap\HandSoap.1.Images\image_ B09GXGWZZ1_3.jpg
2024-01-25 17:41:40 - INFO  - Downloaded image 12 to C:\Users\Hosseini\Desktop\Favoland Jeff\UiPath\HandSoap\HandSoap.1.Images\image_ B09GXGWZZ1_4.jpg
2024-01-25 17:41:45 - INFO  - 1 B08RZ831P6 *** Product URL: https://www.amazon.ca/Meyers-Liquid-Cruelty-Biodegradable-Essential/dp/B08RZ831P6/ref=sr_1_27?qid=1705740884&s=beauty&sr=1-27
2024-01-25 17:41:45 - INFO  - Continue To Search For Product Images...
2024-01-25 17:41:45 - INFO  - Continue To Search For Product Images...
2024-01-25 17:41:45 - INFO  - Continue To Search For Product Images...
2024-01-25 17:41:47 - INFO  - Downloaded image 8 to C:\Users\Hosseini\Desktop\Favoland Jeff\UiPath\HandSoap\HandSoap.1.Images\image_ B08RZ831P6_0.jpg
2024-01-25 17:41:50 - INFO  - Downloaded image 9 to C:\Users\Hosseini\Desktop\Favoland Jeff\UiPath\HandSoap\HandSoap.1.Images\image_ B08RZ831P6_1.jpg
2024-01-25 17:41:52 - INFO  - Downloaded image 10 to C:\Users\Hosseini\Desktop\Favoland Jeff\UiPath\HandSoap\HandSoap.1.Images\image_ B08RZ831P6_2.jpg
2024-01-25 17:41:55 - INFO  - Downloaded image 11 to C:\Users\Hosseini\Desktop\Favoland Jeff\UiPath\HandSoap\HandSoap.1.Images\image_ B08RZ831P6_3.jpg
2024-01-25 17:41:57 - INFO  - Downloaded image 12 to C:\Users\Hosseini\Desktop\Favoland Jeff\UiPath\HandSoap\HandSoap.1.Images\image_ B08RZ831P6_4.jpg
2024-01-25 17:42:02 - INFO  - 1 B07MZ9XGNH *** Product URL: https://www.amazon.ca/ATTITUDE-Verified-Mineral-Based-Ingredients-Cruelty-free/dp/B07MZ9XGNH/ref=sr_1_28?qid=1705740884&s=beauty&sr=1-28
2024-01-25 17:42:02 - INFO  - Continue To Search For Product Images...
2024-01-25 17:42:02 - INFO  - Continue To Search For Product Images...
2024-01-25 17:42:02 - INFO  - Continue To Search For Product Images...
2024-01-25 17:42:05 - INFO  - Downloaded image 8 to C:\Users\Hosseini\Desktop\Favoland Jeff\UiPath\HandSoap\HandSoap.1.Images\image_ B07MZ9XGNH_0.jpg
2024-01-25 17:42:07 - INFO  - Downloaded image 9 to C:\Users\Hosseini\Desktop\Favoland Jeff\UiPath\HandSoap\HandSoap.1.Images\image_ B07MZ9XGNH_1.jpg
2024-01-25 17:42:09 - INFO  - Downloaded image 10 to C:\Users\Hosseini\Desktop\Favoland Jeff\UiPath\HandSoap\HandSoap.1.Images\image_ B07MZ9XGNH_2.jpg
2024-01-25 17:42:12 - INFO  - Downloaded image 11 to C:\Users\Hosseini\Desktop\Favoland Jeff\UiPath\HandSoap\HandSoap.1.Images\image_ B07MZ9XGNH_3.jpg
2024-01-25 17:42:14 - INFO  - Downloaded image 12 to C:\Users\Hosseini\Desktop\Favoland Jeff\UiPath\HandSoap\HandSoap.1.Images\image_ B07MZ9XGNH_4.jpg
2024-01-25 17:42:19 - INFO  - 1 B00JETTA6I *** Product URL: https://www.amazon.ca/Seventh-Generation-Lavendar-Flower-354ml/dp/B00JETTA6I/ref=sr_1_29?qid=1705740884&s=beauty&sr=1-29
2024-01-25 17:42:19 - INFO  - Continue To Search For Product Images...
2024-01-25 17:42:19 - INFO  - Continue To Search For Product Images...
2024-01-25 17:42:19 - INFO  - Continue To Search For Product Images...
2024-01-25 17:42:21 - INFO  - Downloaded image 8 to C:\Users\Hosseini\Desktop\Favoland Jeff\UiPath\HandSoap\HandSoap.1.Images\image_ B00JETTA6I_0.jpg
2024-01-25 17:42:24 - INFO  - Downloaded image 9 to C:\Users\Hosseini\Desktop\Favoland Jeff\UiPath\HandSoap\HandSoap.1.Images\image_ B00JETTA6I_1.jpg
2024-01-25 17:42:26 - INFO  - Downloaded image 10 to C:\Users\Hosseini\Desktop\Favoland Jeff\UiPath\HandSoap\HandSoap.1.Images\image_ B00JETTA6I_2.jpg
2024-01-25 17:42:28 - INFO  - Downloaded image 11 to C:\Users\Hosseini\Desktop\Favoland Jeff\UiPath\HandSoap\HandSoap.1.Images\image_ B00JETTA6I_3.jpg
2024-01-25 17:42:31 - INFO  - Downloaded image 12 to C:\Users\Hosseini\Desktop\Favoland Jeff\UiPath\HandSoap\HandSoap.1.Images\image_ B00JETTA6I_4.jpg
2024-01-25 17:42:36 - INFO  - 1 B082XFP9C6 *** Product URL: https://www.amazon.ca/ATTITUDE-Verified-Mineral-Based-Ingredients-Cruelty-free/dp/B082XFP9C6/ref=sr_1_30?qid=1705740884&s=beauty&sr=1-30
2024-01-25 17:42:36 - INFO  - Continue To Search For Product Images...
2024-01-25 17:42:36 - INFO  - Continue To Search For Product Images...
2024-01-25 17:42:36 - INFO  - Continue To Search For Product Images...
2024-01-25 17:42:39 - INFO  - Downloaded image 8 to C:\Users\Hosseini\Desktop\Favoland Jeff\UiPath\HandSoap\HandSoap.1.Images\image_ B082XFP9C6_0.jpg
2024-01-25 17:42:41 - INFO  - Downloaded image 9 to C:\Users\Hosseini\Desktop\Favoland Jeff\UiPath\HandSoap\HandSoap.1.Images\image_ B082XFP9C6_1.jpg
2024-01-25 17:42:43 - INFO  - Downloaded image 10 to C:\Users\Hosseini\Desktop\Favoland Jeff\UiPath\HandSoap\HandSoap.1.Images\image_ B082XFP9C6_2.jpg
2024-01-25 17:42:46 - INFO  - Downloaded image 11 to C:\Users\Hosseini\Desktop\Favoland Jeff\UiPath\HandSoap\HandSoap.1.Images\image_ B082XFP9C6_3.jpg
2024-01-25 17:42:48 - INFO  - Downloaded image 12 to C:\Users\Hosseini\Desktop\Favoland Jeff\UiPath\HandSoap\HandSoap.1.Images\image_ B082XFP9C6_4.jpg
2024-01-25 17:42:54 - INFO  - 1 B09PZDHRD6 *** Product URL: https://www.amazon.ca/Dial-Complete-Antibacterial-Foaming-Plastic/dp/B09PZDHRD6/ref=sr_1_32?qid=1705740884&s=beauty&sr=1-32
2024-01-25 17:42:54 - INFO  - Continue To Search For Product Images...
2024-01-25 17:42:54 - INFO  - Continue To Search For Product Images...
2024-01-25 17:42:54 - INFO  - Continue To Search For Product Images...
2024-01-25 17:42:57 - INFO  - Downloaded image 8 to C:\Users\Hosseini\Desktop\Favoland Jeff\UiPath\HandSoap\HandSoap.1.Images\image_ B09PZDHRD6_0.jpg
2024-01-25 17:42:59 - INFO  - Downloaded image 9 to C:\Users\Hosseini\Desktop\Favoland Jeff\UiPath\HandSoap\HandSoap.1.Images\image_ B09PZDHRD6_1.jpg
2024-01-25 17:43:01 - INFO  - Downloaded image 10 to C:\Users\Hosseini\Desktop\Favoland Jeff\UiPath\HandSoap\HandSoap.1.Images\image_ B09PZDHRD6_2.jpg
2024-01-25 17:43:04 - INFO  - Downloaded image 11 to C:\Users\Hosseini\Desktop\Favoland Jeff\UiPath\HandSoap\HandSoap.1.Images\image_ B09PZDHRD6_3.jpg
2024-01-25 17:43:06 - INFO  - Downloaded image 12 to C:\Users\Hosseini\Desktop\Favoland Jeff\UiPath\HandSoap\HandSoap.1.Images\image_ B09PZDHRD6_4.jpg
2024-01-25 17:43:11 - INFO  - 1 B08YWL5MB5 *** Product URL: https://www.amazon.ca/Dove-Moisture-Softer-Cleanser-Effectively/dp/B08YWL5MB5/ref=sr_1_33?qid=1705740884&s=beauty&sr=1-33
2024-01-25 17:43:11 - INFO  - Continue To Search For Product Images...
2024-01-25 17:43:11 - INFO  - Continue To Search For Product Images...
2024-01-25 17:43:11 - INFO  - Continue To Search For Product Images...
2024-01-25 17:43:14 - INFO  - Downloaded image 8 to C:\Users\Hosseini\Desktop\Favoland Jeff\UiPath\HandSoap\HandSoap.1.Images\image_ B08YWL5MB5_0.jpg
2024-01-25 17:43:16 - INFO  - Downloaded image 9 to C:\Users\Hosseini\Desktop\Favoland Jeff\UiPath\HandSoap\HandSoap.1.Images\image_ B08YWL5MB5_1.jpg
2024-01-25 17:43:19 - INFO  - Downloaded image 10 to C:\Users\Hosseini\Desktop\Favoland Jeff\UiPath\HandSoap\HandSoap.1.Images\image_ B08YWL5MB5_2.jpg
2024-01-25 17:43:21 - INFO  - Downloaded image 11 to C:\Users\Hosseini\Desktop\Favoland Jeff\UiPath\HandSoap\HandSoap.1.Images\image_ B08YWL5MB5_3.jpg
2024-01-25 17:43:24 - INFO  - Downloaded image 12 to C:\Users\Hosseini\Desktop\Favoland Jeff\UiPath\HandSoap\HandSoap.1.Images\image_ B08YWL5MB5_4.jpg
2024-01-25 17:43:28 - INFO  - 1 B0165XIU0W *** Product URL: https://www.amazon.ca/NATURE-CLEAN-Liquid-Hand-Soap/dp/B0165XIU0W/ref=sr_1_34?qid=1705740884&s=beauty&sr=1-34
2024-01-25 17:43:28 - INFO  - Continue To Search For Product Images...
2024-01-25 17:43:28 - INFO  - Continue To Search For Product Images...
2024-01-25 17:43:28 - INFO  - Continue To Search For Product Images...
2024-01-25 17:43:31 - INFO  - Downloaded image 8 to C:\Users\Hosseini\Desktop\Favoland Jeff\UiPath\HandSoap\HandSoap.1.Images\image_ B0165XIU0W_0.jpg
2024-01-25 17:43:34 - INFO  - No More Images Available For This Product...
2024-01-25 17:43:34 - INFO  - No More Images Available For This Product...
2024-01-25 17:43:35 - INFO  - No More Images Available For This Product...
2024-01-25 17:43:35 - INFO  - No More Images Available For This Product...
2024-01-25 17:43:40 - INFO  - 1 B01MAW3H6M *** Product URL: https://www.amazon.ca/ATTITUDE-Verified-Mineral-Based-Cruelty-free-Hypoallergenic/dp/B01MAW3H6M/ref=sr_1_35?qid=1705740884&s=beauty&sr=1-35
2024-01-25 17:43:40 - INFO  - Continue To Search For Product Images...
2024-01-25 17:43:40 - INFO  - Continue To Search For Product Images...
2024-01-25 17:43:40 - INFO  - Continue To Search For Product Images...
2024-01-25 17:43:42 - INFO  - Downloaded image 8 to C:\Users\Hosseini\Desktop\Favoland Jeff\UiPath\HandSoap\HandSoap.1.Images\image_ B01MAW3H6M_0.jpg
2024-01-25 17:43:45 - INFO  - Downloaded image 9 to C:\Users\Hosseini\Desktop\Favoland Jeff\UiPath\HandSoap\HandSoap.1.Images\image_ B01MAW3H6M_1.jpg
2024-01-25 17:43:48 - INFO  - Downloaded image 10 to C:\Users\Hosseini\Desktop\Favoland Jeff\UiPath\HandSoap\HandSoap.1.Images\image_ B01MAW3H6M_2.jpg
2024-01-25 17:43:50 - INFO  - Downloaded image 11 to C:\Users\Hosseini\Desktop\Favoland Jeff\UiPath\HandSoap\HandSoap.1.Images\image_ B01MAW3H6M_3.jpg
2024-01-25 17:43:53 - INFO  - Downloaded image 12 to C:\Users\Hosseini\Desktop\Favoland Jeff\UiPath\HandSoap\HandSoap.1.Images\image_ B01MAW3H6M_4.jpg
2024-01-25 17:43:57 - INFO  - 1 B0768QHPPP *** Product URL: https://www.amazon.ca/Allenburys-Original-Soap-Pack-Count/dp/B0768QHPPP/ref=sr_1_36?qid=1705740884&s=beauty&sr=1-36
2024-01-25 17:43:59 - INFO  - Downloaded image 5 to C:\Users\Hosseini\Desktop\Favoland Jeff\UiPath\HandSoap\HandSoap.1.Images\image_ B0768QHPPP_0.jpg
2024-01-25 17:44:01 - INFO  - Downloaded image 6 to C:\Users\Hosseini\Desktop\Favoland Jeff\UiPath\HandSoap\HandSoap.1.Images\image_ B0768QHPPP_1.jpg
2024-01-25 17:44:04 - INFO  - Downloaded image 7 to C:\Users\Hosseini\Desktop\Favoland Jeff\UiPath\HandSoap\HandSoap.1.Images\image_ B0768QHPPP_2.jpg
2024-01-25 17:44:06 - INFO  - Downloaded image 8 to C:\Users\Hosseini\Desktop\Favoland Jeff\UiPath\HandSoap\HandSoap.1.Images\image_ B0768QHPPP_3.jpg
